{
  "RSpec": {
    "coverage": {
      "/home/sunny-course-2335/tic-tac-toe-rb-ruby-apply-000/lib/tic_tac_toe.rb": [
        null,
        1,
        null,
        null,
        null,
        null,
        null,
        null,
        null,
        null,
        null,
        1,
        1,
        20,
        20,
        20,
        20,
        20,
        null,
        null,
        1,
        18778,
        null,
        null,
        1,
        10,
        null,
        null,
        1,
        18920,
        null,
        null,
        1,
        18778,
        10,
        null,
        18768,
        null,
        null,
        null,
        1,
        18783,
        18781,
        18778,
        18778,
        10,
        10,
        null,
        18768,
        null,
        10,
        null,
        null,
        1,
        22,
        22,
        198,
        30,
        null,
        null,
        22,
        null,
        null,
        1,
        10,
        7,
        3,
        null,
        null,
        null,
        1,
        58,
        388,
        null,
        null,
        null,
        1,
        113,
        null,
        null,
        1,
        21,
        4,
        17,
        17,
        null,
        null,
        null,
        1,
        8,
        5,
        null,
        null,
        null,
        1,
        0,
        0,
        null,
        null,
        null,
        1,
        12,
        12,
        12,
        12,
        7,
        1,
        6,
        1,
        1,
        5,
        null,
        null
      ]
    },
    "timestamp": 1597678252
  }
}
