{
  "RSpec": {
    "coverage": {
      "/home/sunny-course-2335/tic-tac-toe-rb-ruby-apply-000/lib/tic_tac_toe.rb": [
        null,
        1,
        null,
        null,
        null,
        null,
        null,
        null,
        null,
        null,
        null,
        1,
        1,
        54,
        54,
        54,
        54,
        54,
        null,
        null,
        1,
        38,
        null,
        null,
        1,
        23,
        null,
        null,
        1,
        137,
        null,
        null,
        1,
        38,
        23,
        null,
        15,
        null,
        null,
        null,
        1,
        39,
        39,
        38,
        38,
        23,
        23,
        23,
        null,
        31,
        null,
        null,
        1,
        35,
        35,
        315,
        67,
        null,
        null,
        35,
        null,
        null,
        1,
        23,
        15,
        8,
        null,
        null,
        null,
        1,
        45,
        210,
        null,
        null,
        null,
        1,
        88,
        null,
        null,
        1,
        10,
        2,
        8,
        8,
        null,
        null,
        null,
        1,
        5,
        3,
        null,
        null,
        null,
        1,
        7,
        7,
        null,
        null,
        null,
        1,
        12,
        12,
        9,
        6,
        null,
        9,
        1,
        8,
        4,
        4,
        null,
        null
      ]
    },
    "timestamp": 1597677298
  }
}
